<?xml version="1.0" encoding="UTF-8"?>
<!-- Generated by org.testng.reporters.JUnitXMLReporter -->
<testsuite hostname="DESKTOP-TNM7JT2" ignored="0" name="Default test" tests="4" failures="0" timestamp="26 Oct 2018 19:44:05 GMT" time="5.388" errors="0">
  <testcase name="getAllPrivilegesTest" time="4.558" classname="com.revature.tests.PrivilegeDao_Test"/>
  <testcase name="insertPrivilegeTest" time="0.328" classname="com.revature.tests.PrivilegeDao_Test"/>
  <testcase name="selectPrivilegeByIdTest" time="0.044" classname="com.revature.tests.PrivilegeDao_Test"/>
  <testcase name="updatePrivilegeTest" time="0.431" classname="com.revature.tests.PrivilegeDao_Test"/>
</testsuite> <!-- Default test -->
